SF:lib\main.dart
DA:7,0
DA:8,0
DA:9,0
DA:10,0
DA:11,0
DA:19,2
DA:21,1
DA:22,1
DA:25,1
LF:9
LH:4
end_of_record
SF:lib\models\user.dart
DA:12,0
DA:24,0
DA:25,0
DA:26,0
DA:27,0
DA:28,0
DA:29,0
DA:30,0
DA:31,0
DA:32,0
DA:33,0
DA:36,0
DA:38,0
DA:39,0
DA:40,0
DA:41,0
DA:42,0
LF:17
LH:0
end_of_record
SF:lib\controllers\api_implementation.dart
DA:11,0
DA:16,0
DA:18,0
DA:19,0
DA:20,0
DA:22,0
DA:23,0
DA:24,0
DA:25,0
DA:26,0
DA:27,0
DA:28,0
DA:29,0
DA:31,0
DA:35,0
DA:38,0
LF:16
LH:0
end_of_record
SF:lib\controllers\user_provider.dart
DA:10,0
DA:11,0
DA:12,0
DA:15,0
DA:16,0
DA:17,0
DA:20,0
DA:22,0
LF:8
LH:0
end_of_record
SF:lib\views\screens\home_screen.dart
DA:8,1
DA:10,1
DA:11,1
DA:17,1
DA:19,1
DA:22,0
DA:23,0
DA:24,0
DA:28,2
DA:32,1
DA:37,1
DA:39,4
DA:41,1
DA:43,1
DA:45,1
DA:51,1
DA:52,1
DA:53,1
DA:56,1
DA:57,1
DA:58,1
DA:61,1
DA:79,1
DA:81,1
DA:83,3
DA:88,0
DA:89,0
DA:91,0
DA:102,1
LF:29
LH:23
end_of_record
SF:lib\utils\constants.dart
DA:9,3
DA:10,1
DA:11,1
DA:12,1
DA:13,1
DA:14,1
DA:16,1
DA:21,0
LF:8
LH:7
end_of_record
SF:lib\views\nav\app_bar.dart
DA:7,1
DA:9,1
DA:12,1
DA:13,1
DA:21,1
DA:22,1
DA:23,0
DA:24,0
DA:25,0
DA:32,1
DA:35,1
DA:36,0
DA:37,0
DA:38,0
DA:47,1
DA:50,1
DA:51,0
DA:52,0
DA:53,0
DA:60,1
LF:20
LH:11
end_of_record
SF:lib\views\screens\password_screen.dart
DA:5,1
DA:7,0
DA:8,0
DA:21,0
DA:23,0
DA:25,0
DA:26,0
DA:27,0
DA:28,0
DA:29,0
DA:30,0
DA:31,0
DA:34,0
DA:35,0
DA:41,0
DA:42,0
DA:47,0
DA:48,0
DA:49,0
DA:51,0
DA:52,0
DA:53,0
DA:54,0
DA:56,0
DA:57,0
DA:58,0
DA:59,0
DA:65,0
DA:66,0
DA:70,0
DA:71,0
DA:74,0
DA:75,0
DA:76,0
DA:77,0
DA:80,0
DA:81,0
DA:85,0
DA:86,0
DA:87,0
DA:88,0
DA:93,0
DA:94,0
DA:98,0
DA:99,0
DA:102,0
DA:103,0
DA:104,0
DA:105,0
DA:108,0
DA:109,0
DA:113,0
DA:114,0
DA:115,0
DA:116,0
DA:121,0
DA:122,0
DA:126,0
DA:127,0
DA:130,0
DA:131,0
DA:132,0
DA:133,0
DA:136,0
DA:137,0
DA:141,0
DA:142,0
DA:143,0
DA:144,0
LF:69
LH:1
end_of_record
SF:lib\views\screens\profile_screen.dart
DA:10,1
DA:12,1
DA:13,1
DA:21,1
DA:23,1
DA:26,0
DA:27,0
DA:30,1
DA:32,1
DA:33,0
DA:34,0
DA:37,0
DA:40,0
DA:42,0
DA:43,0
DA:44,0
DA:45,0
DA:46,0
DA:47,0
DA:49,0
DA:50,0
DA:53,0
DA:54,0
DA:58,0
DA:59,0
DA:60,0
DA:61,0
DA:62,0
DA:63,0
DA:66,0
DA:67,0
DA:69,0
DA:75,0
DA:78,0
DA:83,0
DA:85,0
DA:86,0
DA:90,0
DA:91,0
DA:95,0
DA:97,0
DA:98,0
DA:102,0
DA:103,0
DA:107,0
DA:109,0
DA:110,0
DA:114,0
DA:115,0
DA:118,0
DA:119,0
DA:120,0
DA:125,0
DA:126,0
DA:131,0
DA:132,0
DA:133,0
DA:137,0
DA:138,0
DA:143,0
DA:144,0
DA:145,0
DA:149,0
DA:150,0
DA:155,0
DA:156,0
DA:160,0
DA:161,0
DA:165,0
DA:166,0
DA:167,0
LF:71
LH:7
end_of_record
